<?xml version='1.0' encoding='UTF-8' ?>
<testsuite name="com.dc388.bibliagriega.CapturasTest" tests="1" failures="1" errors="0" skipped="0" time="191.112" timestamp="2026-09-15T01:01:18" hostname="localhost">
  <properties>
    <property name="device" value="emulator-5554 - 14" />
    <property name="flavor" value="" />
    <property name="project" value=":app" />
  </properties>
  <testcase name="capturas_para_la_ficha_de_play" classname="com.dc388.bibliagriega.CapturasTest" time="189.346">
    <failure>java.lang.AssertionError: No apareció «Ἐν ἀρχῇ» en 180 s. Esto había en pantalla:
Printing with useUnmergedTree = 'false'
Node #1 at (l=0.0, t=0.0, r=1080.0, b=1920.0)px
|-Node #2 at (l=0.0, t=0.0, r=1080.0, b=1920.0)px
IsTraversalGroup = 'true'
|-Node #684 at (l=0.0, t=0.0, r=1080.0, b=1920.0)px
IsTraversalGroup = 'true'
|-Node #1167 at (l=30.0, t=0.0, r=1050.0, b=1920.0)px
| IsTraversalGroup = 'true'
| VerticalScrollAxisRange = 'ScrollAxisRange(value=0.0, maxValue=100.0, reverseScrolling=false)'
| CollectionInfo = 'androidx.compose.ui.semantics.CollectionInfo&#64;1582fad'
| Actions = [ScrollBy, ScrollByOffset, IndexForKey, ScrollToIndex, GetScrollViewportLength]
|  |-Node #1253 at (l=60.0, t=159.0, r=71.0, b=183.0)px
|  | Text = '[1]'
|  | Focused = 'false'
|  | Actions = [SetTextSubstitution, ShowTextSubstitution, ClearTextSubstitution, GetTextLayoutResult, OnClick, RequestFocus]
|  | MergeDescendants = 'true'
|  |-Node #1256 at (l=60.0, t=189.0, r=102.0, b=339.0)px
|  | Focused = 'false'
|  | Text = '[Ἐν, en, en, G1722]'
|  | Actions = [OnClick, RequestFocus, SetTextSubstitution, ShowTextSubstitution, ClearTextSubstitution, GetTextLayoutResult]
|  | MergeDescendants = 'true'
|  |-Node #1261 at (l=117.0, t=189.0, r=180.0, b=339.0)px
|  | Focused = 'false'
|  | Text = '[ἀρχῇ, archḗ, principio, G746]'
|  | Actions = [OnClick, RequestFocus, SetTextSubstitution, ShowTextSubstitution, ClearTextSubstitution, GetTextLayoutResult]
|  | MergeDescendants = 'true'
|  |-Node #1266 at (l=195.0, t=189.0, r=237.0, b=339.0)px
|  | Focused = 'false'
|  | Text = '[ἦν, eimí, ser, G1510]'
|  | Actions = [OnClick, RequestFocus, SetTextSubstitution, ShowTextSubstitution, ClearTextSubstitution, GetTextLayoutResult]
|  | MergeDescendants = 'true'
|  |-Node #1271 at (l=252.0, t=189.0, r=294.0, b=339.0)px
|  | Focused = 'false'
|  | Text = '[ὁ, ho, el, G3588]'
|  | Actions = [OnClick, RequestFocus, SetTextSubstitution, ShowTextSubstitution, ClearTextSubstitution, GetTextLayoutResult]
|  | MergeDescendants = 'true'
|  |-Node #1276 at (l=309.0, t=189.0, r=391.0, b=339.0)px
|  | Focused = 'false'
|  | Text = '[λόγος,, lógos, palabra, G3056]'
|  | Actions = [OnClick, RequestFocus, SetTextSubstitution, ShowTextSubstitution, ClearTextSubstitution, GetTextLayoutResult]
|  | MergeDescendants = 'true'
|  |-Node #1281 at (l=406.0, t=189.0, r=448.0, b=339.0)px
|  | Focused = 'false'
|  | Text = '[καὶ, kaí, y, G2532]'
|  | Actions = [OnClick, RequestFocus, SetTextSubstitution, ShowTextSubstitution, ClearTextSubstitution, GetTextLayoutResult]
|  | MergeDescendants = 'true'
|  |-Node #1286 at (l=463.0, t=189.0, r=505.0, b=339.0)px
|  | Focused = 'false'
|  | Text = '[ὁ, ho, el, G3588]'
|  | Actions = [OnClick, RequestFocus, SetTextSubstitution, ShowTextSubstitution, ClearTextSubstitution, GetTextLayoutResult]
|  | MergeDescendants = 'true'
|  |-Node #1291 at (l=520.0, t=189.0, r=595.0, b=339.0)px
|  | Focused = 'false'
|  | Text = '[λόγος, lógos, palabra, G3056]'
|  | Actions = [OnClick, RequestFocus, SetTextSubstitution, ShowTextSubstitution, ClearTextSubstitution, GetTextLayoutResult]
|  | MergeDescendants = 'true'
|  |-Node #1296 at (l=610.0, t=189.0, r=652.0, b=339.0)px
|  | Focused = 'false'
|  | Text = '[ἦν, eimí, ser, G1510]'
|  | Actions = [OnClick, RequestFocus, SetTextSubstitution, ShowTextSubstitution, ClearTextSubstitution, GetTextLayoutResult]
|  | MergeDescendants = 'true'
|  |-Node #1301 at (l=667.0, t=189.0, r=729.0, b=339.0)px
|  | Focused = 'false'
|  | Text = '[πρὸς, prós, hacia, G4314]'
|  | Actions = [OnClick, RequestFocus, SetTextSubstitution, ShowTextSubstitution, ClearTextSubstitution, GetTextLayoutResult]
|  | MergeDescendants = 'true'
|  |-Node #1306 at (l=744.0, t=189.0, r=789.0, b=339.0)px
|  | Focused = 'false'
|  | Text = '[τὸν, ho, el, G3588]'
|  | Actions = [OnClick, RequestFocus, SetTextSubstitution, ShowTextSubstitution, ClearTextSubstitution, GetTextLayoutResult]
|  | MergeDescendants = 'true'
|  |-Node #1311 at (l=804.0, t=189.0, r=870.0, b=339.0)px
|  | Focused = 'false'
|  | Text = '[θεόν,, theós, Dios, G2316]'
|  | Actions = [OnClick, RequestFocus, SetTextSubstitution, ShowTextSubstitution, ClearTextSubstitution, GetTextLayoutResult]
|  | MergeDescendants = 'true'
|  |-Node #1316 at (l=885.0, t=189.0, r=927.0, b=339.0)px
|  | Focused = 'false'
|  | Text = '[καὶ, kaí, y, G2532]'
|  | Actions = [OnClick, RequestFocus, SetTextSubstitution, ShowTextSubstitution, ClearTextSubstitution, GetTextLayoutResult]
|  | MergeDescendants = 'true'
|  |-Node #1321 at (l=942.0, t=189.0, r=1000.0, b=339.0)px
|  | Focused = 'false'
|  | Text = '[θεὸς, theós, Dios, G2316]'
|  | Actions = [OnClick, RequestFocus, SetTextSubstitution, ShowTextSubstitution, ClearTextSubstitution, GetTextLayoutResult]
|  | MergeDescendants = 'true'
|  |-Node #1326 at (l=60.0, t=348.0, r=102.0, b=498.0)px
|  | Focused = 'false'
|  | Text = '[ἦν, eimí, ser, G1510]'
|  | Actions = [OnClick, RequestFocus, SetTextSubstitution, ShowTextSubstitution, ClearTextSubstitution, GetTextLayoutResult]
|  | MergeDescendants = 'true'
|  |-Node #1331 at (l=117.0, t=348.0, r=159.0, b=498.0)px
|  | Focused = 'false'
|  | Text = '[ὁ, ho, el, G3588]'
|  | Actions = [OnClick, RequestFocus, SetTextSubstitution, ShowTextSubstitution, ClearTextSubstitution, GetTextLayoutResult]
|  | MergeDescendants = 'true'
|  |-Node #1336 at (l=174.0, t=348.0, r=256.0, b=498.0)px
|  | Focused = 'false'
|  | Text = '[λόγος., lógos, palabra, G3056]'
|  | Actions = [OnClick, RequestFocus, SetTextSubstitution, ShowTextSubstitution, ClearTextSubstitution, GetTextLayoutResult]
|  | MergeDescendants = 'true'
|  |-Node #1342 at (l=60.0, t=528.0, r=71.0, b=552.0)px
|  | Text = '[2]'
|  | Focused = 'false'
|  | Actions = [SetTextSubstitution, ShowTextSubstitution, ClearTextSubstitution, GetTextLayoutResult, OnClick, RequestFocus]
|  | MergeDescendants = 'true'
|  |-Node #1345 at (l=60.0, t=558.0, r=138.0, b=708.0)px
|  | Focused = 'false'
|  | Text = '[Οὗτος, hoûtos, este, G3778]'
|  | Actions = [OnClick, RequestFocus, SetTextSubstitution, ShowTextSubstitution, ClearTextSubstitution, GetTextLayoutResult]
|  | MergeDescendants = 'true'
|  |-Node #1350 at (l=153.0, t=558.0, r=195.0, b=708.0)px
|  | Focused = 'false'
|  | Text = '[ἦν, eimí, ser, G1510]'
|  | Actions = [OnClick, RequestFocus, SetTextSubstitution, ShowTextSubstitution, ClearTextSubstitution, GetTextLayoutResult]
|  | MergeDescendants = 'true'
|  |-Node #1355 at (l=210.0, t=558.0, r=252.0, b=708.0)px
|  | Focused = 'false'
|  | Text = '[ἐν, en, en, G1722]'
|  | Actions = [OnClick, RequestFocus, SetTextSubstitution, ShowTextSubstitution, ClearTextSubstitution, GetTextLayoutResult]
|  | MergeDescendants = 'true'
|  |-Node #1360 at (l=267.0, t=558.0, r=330.0, b=708.0)px
|  | Focused = 'false'
|  | Text = '[ἀρχῇ, archḗ, principio, G746]'
|  | Actions = [OnClick, RequestFocus, SetTextSubstitution, ShowTextSubstitution, ClearTextSubstitution, GetTextLayoutResult]
|  | MergeDescendants = 'true'
|  |-Node #1365 at (l=345.0, t=558.0, r=407.0, b=708.0)px
|  | Focused = 'false'
|  | Text = '[πρὸς, prós, hacia, G4314]'
|  | Actions = [OnClick, RequestFocus, SetTextSubstitution, ShowTextSubstitution, ClearTextSubstitution, GetTextLayoutResult]
|  | MergeDescendants = 'true'
|  |-Node #1370 at (l=422.0, t=558.0, r=467.0, b=708.0)px
|  | Focused = 'false'
|  | Text = '[τὸν, ho, el, G3588]'
|  | Actions = [OnClick, RequestFocus, SetTextSubstitution, ShowTextSubstitution, ClearTextSubstitution, GetTextLayoutResult]
|  | MergeDescendants = 'true'
|  |-Node #1375 at (l=482.0, t=558.0, r=548.0, b=708.0)px
|  | Focused = 'false'
|  | Text = '[θεόν., theós, Dios, G2316]'
|  | Actions = [OnClick, RequestFocus, SetTextSubstitution, ShowTextSubstitution, ClearTextSubstitution, GetTextLayoutResult]
|  | MergeDescendants = 'true'
|  |-Node #1381 at (l=60.0, t=738.0, r=71.0, b=762.0)px
|  | Text = '[3]'
|  | Focused = 'false'
|  | Actions = [SetTextSubstitution, ShowTextSubstitution, ClearTextSubstitution, GetTextLayoutResult, OnClick, RequestFocus]
|  | MergeDescendants = 'true'
|  |-Node #1384 at (l=60.0, t=768.0, r=144.0, b=918.0)px
|  | Focused = 'false'
|  | Text = '[Πάντα, pâs, todo, G3956]'
|  | Actions = [OnClick, RequestFocus, SetTextSubstitution, ShowTextSubstitution, ClearTextSubstitution, GetTextLayoutResult]
|  | MergeDescendants = 'true'
|  |-Node #1389 at (l=159.0, t=768.0, r=201.0, b=918.0)px
|  | Focused = 'false'
|  | Text = '[δι’, diá, por, G1223]'
|  | Actions = [OnClick, RequestFocus, SetTextSubstitution, ShowTextSubstitution, ClearTextSubstitution, GetTextLayoutResult]
|  | MergeDescendants = 'true'
|  |-Node #1394 at (l=216.0, t=768.0, r=294.0, b=918.0)px
|  | Focused = 'false'
|  | Text = '[αὐτοῦ, autós, él, G846]'
|  | Actions = [OnClick, RequestFocus, SetTextSubstitution, ShowTextSubstitution, ClearTextSubstitution, GetTextLayoutResult]
|  | MergeDescendants = 'true'
|  |-Node #1399 at (l=309.0, t=768.0, r=416.0, b=918.0)px
|  | Focused = 'false'
|  | Text = '[ἐγένετο,, gínomai, llegar a ser, G1096]'
|  | Actions = [OnClick, RequestFocus, SetTextSubstitution, ShowTextSubstitution, ClearTextSubstitution, GetTextLayoutResult]
|  | MergeDescendants = 'true'
|  |-Node #1404 at (l=431.0, t=768.0, r=473.0, b=918.0)px
|  | Focused = 'false'
|  | Text = '[καὶ, kaí, y, G2532]'
|  | Actions = [OnClick, RequestFocus, SetTextSubstitution, ShowTextSubstitution, ClearTextSubstitution, GetTextLayoutResult]
|  | MergeDescendants = 'true'
|  |-Node #1409 at (l=488.0, t=768.0, r=561.0, b=918.0)px
|  | Focused = 'false'
|  | Text = '[χωρὶς, chōrís, sin, G5565]'
|  | Actions = [OnClick, RequestFocus, SetTextSubstitution, ShowTextSubstitution, ClearTextSubstitution, GetTextLayoutResult]
|  | MergeDescendants = 'true'
|  |-Node #1414 at (l=576.0, t=768.0, r=654.0, b=918.0)px
|  | Focused = 'false'
|  | Text = '[αὐτοῦ, autós, él, G846]'
|  | Actions = [OnClick, RequestFocus, SetTextSubstitution, ShowTextSubstitution, ClearTextSubstitution, GetTextLayoutResult]
|  | MergeDescendants = 'true'
|  |-Node #1419 at (l=669.0, t=768.0, r=769.0, b=918.0)px
|  | Focused = 'false'
|  | Text = '[ἐγένετο, gínomai, llegar a ser, G1096]'
|  | Actions = [OnClick, RequestFocus, SetTextSubstitution, ShowTextSubstitution, ClearTextSubstitution, GetTextLayoutResult]
|  | MergeDescendants = 'true'
|  |-Node #1424 at (l=784.0, t=768.0, r=845.0, b=918.0)px
|  | Focused = 'false'
|  | Text = '[οὐδὲ, oudé, ni, G3761]'
|  | Actions = [OnClick, RequestFocus, SetTextSubstitution, ShowTextSubstitution, ClearTextSubstitution, GetTextLayoutResult]
|  | MergeDescendants = 'true'
|  |-Node #1429 at (l=860.0, t=768.0, r=902.0, b=918.0)px
|  | Focused = 'false'
|  | Text = '[ἓν, heîs, uno, G1520]'
|  | Actions = [OnClick, RequestFocus, SetTextSubstitution, ShowTextSubstitution, ClearTextSubstitution, GetTextLayoutResult]
|  | MergeDescendants = 'true'
|  |-Node #1434 at (l=917.0, t=768.0, r=959.0, b=918.0)px
|  | Focused = 'false'
|  | Text = '[ὃ, hós, que, G3739]'
|  | Actions = [OnClick, RequestFocus, SetTextSubstitution, ShowTextSubstitution, ClearTextSubstitution, GetTextLayoutResult]
|  | MergeDescendants = 'true'
|  |-Node #1439 at (l=60.0, t=927.0, r=171.0, b=1077.0)px
|  | Focused = 'false'
|  | Text = '[γέγονεν., gínomai, llegar a ser, G1096]'
|  | Actions = [OnClick, RequestFocus, SetTextSubstitution, ShowTextSubstitution, ClearTextSubstitution, GetTextLayoutResult]
|  | MergeDescendants = 'true'
|  |-Node #1445 at (l=60.0, t=1107.0, r=71.0, b=1131.0)px
|  | Text = '[4]'
|  | Focused = 'false'
|  | Actions = [SetTextSubstitution, ShowTextSubstitution, ClearTextSubstitution, GetTextLayoutResult, OnClick, RequestFocus]
|  | MergeDescendants = 'true'
|  |-Node #1448 at (l=60.0, t=1137.0, r=102.0, b=1287.0)px
|  | Focused = 'false'
|  | Text = '[Ἐν, en, en, G1722]'
|  | Actions = [OnClick, RequestFocus, SetTextSubstitution, ShowTextSubstitution, ClearTextSubstitution, GetTextLayoutResult]
|  | MergeDescendants = 'true'
|  |-Node #1453 at (l=117.0, t=1137.0, r=184.0, b=1287.0)px
|  | Focused = 'false'
|  | Text = '[αὐτῷ, autós, él, G846]'
|  | Actions = [OnClick, RequestFocus, SetTextSubstitution, ShowTextSubstitution, ClearTextSubstitution, GetTextLayoutResult]
|  | MergeDescendants = 'true'
|  |-Node #1458 at (l=199.0, t=1137.0, r=248.0, b=1287.0)px
|  | Focused = 'false'
|  | Text = '[ζωὴ, zōḗ, vida, G2222]'
|  | Actions = [OnClick, RequestFocus, SetTextSubstitution, ShowTextSubstitution, ClearTextSubstitution, GetTextLayoutResult]
|  | MergeDescendants = 'true'
|  |-Node #1463 at (l=263.0, t=1137.0, r=305.0, b=1287.0)px
|  | Focused = 'false'
|  | Text = '[ἦν,, eimí, ser, G1510]'
|  | Actions = [OnClick, RequestFocus, SetTextSubstitution, ShowTextSubstitution, ClearTextSubstitution, GetTextLayoutResult]
|  | MergeDescendants = 'true'
|  |-Node #1468 at (l=320.0, t=1137.0, r=362.0, b=1287.0)px
|  | Focused = 'false'
|  | Text = '[καὶ, kaí, y, G2532]'
|  | Actions = [OnClick, RequestFocus, SetTextSubstitution, ShowTextSubstitution, ClearTextSubstitution, GetTextLayoutResult]
|  | MergeDescendants = 'true'
|  |-Node #1473 at (l=377.0, t=1137.0, r=419.0, b=1287.0)px
|  | Focused = 'false'
|  | Text = '[ἡ, ho, el, G3588]'
|  | Actions = [OnClick, RequestFocus, SetTextSubstitution, ShowTextSubstitution, ClearTextSubstitution, GetTextLayoutResult]
|  | MergeDescendants = 'true'
|  |-Node #1478 at (l=434.0, t=1137.0, r=483.0, b=1287.0)px
|  | Focused = 'false'
|  | Text = '[ζωὴ, zōḗ, vida, G2222]'
|  | Actions = [OnClick, RequestFocus, SetTextSubstitution, ShowTextSubstitution, ClearTextSubstitution, GetTextLayoutResult]
|  | MergeDescendants = 'true'
|  |-Node #1483 at (l=498.0, t=1137.0, r=540.0, b=1287.0)px
|  | Focused = 'false'
|  | Text = '[ἦν, eimí, ser, G1510]'
|  | Actions = [OnClick, RequestFocus, SetTextSubstitution, ShowTextSubstitution, ClearTextSubstitution, GetTextLayoutResult]
|  | MergeDescendants = 'true'
|  |-Node #1488 at (l=555.0, t=1137.0, r=597.0, b=1287.0)px
|  | Focused = 'false'
|  | Text = '[τὸ, ho, el, G3588]'
|  | Actions = [OnClick, RequestFocus, SetTextSubstitution, ShowTextSubstitution, ClearTextSubstitution, GetTextLayoutResult]
|  | MergeDescendants = 'true'
|  |-Node #1493 at (l=612.0, t=1137.0, r=665.0, b=1287.0)px
|  | Focused = 'false'
|  | Text = '[φῶς, phōs, luz, G5457]'
|  | Actions = [OnClick, RequestFocus, SetTextSubstitution, ShowTextSubstitution, ClearTextSubstitution, GetTextLayoutResult]
|  | MergeDescendants = 'true'
|  |-Node #1498 at (l=680.0, t=1137.0, r=730.0, b=1287.0)px
|  | Focused = 'false'
|  | Text = '[τῶν, ho, el, G3588]'
|  | Actions = [OnClick, RequestFocus, SetTextSubstitution, ShowTextSubstitution, ClearTextSubstitution, GetTextLayoutResult]
|  | MergeDescendants = 'true'
|  |-Node #1503 at (l=745.0, t=1137.0, r=890.0, b=1287.0)px
|  | Focused = 'false'
|  | Text = '[ἀνθρώπων,, ánthrōpos, hombre, G444]'
|  | Actions = [OnClick, RequestFocus, SetTextSubstitution, ShowTextSubstitution, ClearTextSubstitution, GetTextLayoutResult]
|  | MergeDescendants = 'true'
|  |-Node #1509 at (l=60.0, t=1317.0, r=71.0, b=1341.0)px
|  | Text = '[5]'
|  | Focused = 'false'
|  | Actions = [SetTextSubstitution, ShowTextSubstitution, ClearTextSubstitution, GetTextLayoutResult, OnClick, RequestFocus]
|  | MergeDescendants = 'true'
|  |-Node #1512 at (l=60.0, t=1347.0, r=102.0, b=1497.0)px
|  | Focused = 'false'
|  | Text = '[καὶ, kaí, y, G2532]'
|  | Actions = [OnClick, RequestFocus, SetTextSubstitution, ShowTextSubstitution, ClearTextSubstitution, GetTextLayoutResult]
|  | MergeDescendants = 'true'
|  |-Node #1517 at (l=117.0, t=1347.0, r=159.0, b=1497.0)px
|  | Focused = 'false'
|  | Text = '[τὸ, ho, el, G3588]'
|  | Actions = [OnClick, RequestFocus, SetTextSubstitution, ShowTextSubstitution, ClearTextSubstitution, GetTextLayoutResult]
|  | MergeDescendants = 'true'
|  |-Node #1522 at (l=174.0, t=1347.0, r=227.0, b=1497.0)px
|  | Focused = 'false'
|  | Text = '[φῶς, phōs, luz, G5457]'
|  | Actions = [OnClick, RequestFocus, SetTextSubstitution, ShowTextSubstitution, ClearTextSubstitution, GetTextLayoutResult]
|  | MergeDescendants = 'true'
|  |-Node #1527 at (l=242.0, t=1347.0, r=284.0, b=1497.0)px
|  | Focused = 'false'
|  | Text = '[ἐν, en, en, G1722]'
|  | Actions = [OnClick, RequestFocus, SetTextSubstitution, ShowTextSubstitution, ClearTextSubstitution, GetTextLayoutResult]
|  | MergeDescendants = 'true'
|  |-Node #1532 at (l=299.0, t=1347.0, r=341.0, b=1497.0)px
|  | Focused = 'false'
|  | Text = '[τῇ, ho, el, G3588]'
|  | Actions = [OnClick, RequestFocus, SetTextSubstitution, ShowTextSubstitution, ClearTextSubstitution, GetTextLayoutResult]
|  | MergeDescendants = 'true'
|  |-Node #1537 at (l=356.0, t=1347.0, r=443.0, b=1497.0)px
|  | Focused = 'false'
|  | Text = '[σκοτίᾳ, skotía, oscuridad, G4653]'
|  | Actions = [OnClick, RequestFocus, SetTextSubstitution, ShowTextSubstitution, ClearTextSubstitution, GetTextLayoutResult]
|  | MergeDescendants = 'true'
|  |-Node #1542 at (l=458.0, t=1347.0, r=548.0, b=1497.0)px
|  | Focused = 'false'
|  | Text = '[φαίνει,, phaínō, aparecer, G5316]'
|  | Actions = [OnClick, RequestFocus, SetTextSubstitution, ShowTextSubstitution, ClearTextSubstitution, GetTextLayoutResult]
|  | MergeDescendants = 'true'
|  |-Node #1547 at (l=563.0, t=1347.0, r=605.0, b=1497.0)px
|  | Focused = 'false'
|  | Text = '[καὶ, kaí, y, G2532]'
|  | Actions = [OnClick, RequestFocus, SetTextSubstitution, ShowTextSubstitution, ClearTextSubstitution, GetTextLayoutResult]
|  | MergeDescendants = 'true'
|  |-Node #1552 at (l=620.0, t=1347.0, r=662.0, b=1497.0)px
|  | Focused = 'false'
|  | Text = '[ἡ, ho, el, G3588]'
|  | Actions = [OnClick, RequestFocus, SetTextSubstitution, ShowTextSubstitution, ClearTextSubstitution, GetTextLayoutResult]
|  | MergeDescendants = 'true'
|  |-Node #1557 at (l=677.0, t=1347.0, r=764.0, b=1497.0)px
|  | Focused = 'false'
|  | Text = '[σκοτία, skotía, oscuridad, G4653]'
|  | Actions = [OnClick, RequestFocus, SetTextSubstitution, ShowTextSubstitution, ClearTextSubstitution, GetTextLayoutResult]
|  | MergeDescendants = 'true'
|  |-Node #1562 at (l=779.0, t=1347.0, r=841.0, b=1497.0)px
|  | Focused = 'false'
|  | Text = '[αὐτὸ, autós, él, G846]'
|  | Actions = [OnClick, RequestFocus, SetTextSubstitution, ShowTextSubstitution, ClearTextSubstitution, GetTextLayoutResult]
|  | MergeDescendants = 'true'
|  |-Node #1567 at (l=856.0, t=1347.0, r=898.0, b=1497.0)px
|  | Focused = 'false'
|  | Text = '[οὐ, ou, no, G3756]'
|  | Actions = [OnClick, RequestFocus, SetTextSubstitution, ShowTextSubstitution, ClearTextSubstitution, GetTextLayoutResult]
|  | MergeDescendants = 'true'
|  |-Node #1572 at (l=60.0, t=1506.0, r=200.0, b=1656.0)px
|  | Focused = 'false'
|  | Text = '[κατέλαβεν., katalambánō, alcanzar, G2638]'
|  | Actions = [OnClick, RequestFocus, SetTextSubstitution, ShowTextSubstitution, ClearTextSubstitution, GetTextLayoutResult]
|  | MergeDescendants = 'true'
|  |-Node #1578 at (l=60.0, t=1686.0, r=71.0, b=1710.0)px
|  | Text = '[6]'
|  | Focused = 'false'
|  | Actions = [SetTextSubstitution, ShowTextSubstitution, ClearTextSubstitution, GetTextLayoutResult, OnClick, RequestFocus]
|  | MergeDescendants = 'true'
|  |-Node #1581 at (l=60.0, t=1716.0, r=166.0, b=1866.0)px
|  | Focused = 'false'
|  | Text = '[Ἐγένετο, gínomai, llegar a ser, G1096]'
|  | Actions = [OnClick, RequestFocus, SetTextSubstitution, ShowTextSubstitution, ClearTextSubstitution, GetTextLayoutResult]
|  | MergeDescendants = 'true'
|  |-Node #1586 at (l=181.0, t=1716.0, r=313.0, b=1866.0)px
|  | Focused = 'false'
|  | Text = '[ἄνθρωπος, ánthrōpos, hombre, G444]'
|  | Actions = [OnClick, RequestFocus, SetTextSubstitution, ShowTextSubstitution, ClearTextSubstitution, GetTextLayoutResult]
|  | MergeDescendants = 'true'
|  |-Node #1591 at (l=328.0, t=1716.0, r=510.0, b=1866.0)px
|  | Focused = 'false'
|  | Text = '[ἀπεσταλμένος, apostéllō, enviar, G649]'
|  | Actions = [OnClick, RequestFocus, SetTextSubstitution, ShowTextSubstitution, ClearTextSubstitution, GetTextLayoutResult]
|  | MergeDescendants = 'true'
|  |-Node #1596 at (l=525.0, t=1716.0, r=592.0, b=1866.0)px
|  | Focused = 'false'
|  | Text = '[παρὰ, pará, junto a, G3844]'
|  | Actions = [OnClick, RequestFocus, SetTextSubstitution, ShowTextSubstitution, ClearTextSubstitution, GetTextLayoutResult]
|  | MergeDescendants = 'true'
|  |-Node #1601 at (l=607.0, t=1716.0, r=675.0, b=1866.0)px
|  | Focused = 'false'
|  | Text = '[θεοῦ,, theós, Dios, G2316]'
|  | Actions = [OnClick, RequestFocus, SetTextSubstitution, ShowTextSubstitution, ClearTextSubstitution, GetTextLayoutResult]
|  | MergeDescendants = 'true'
|  |-Node #1606 at (l=690.0, t=1716.0, r=772.0, b=1866.0)px
|  | Focused = 'false'
|  | Text = '[ὄνομα, ónoma, nombre, G3686]'
|  | Actions = [OnClick, RequestFocus, SetTextSubstitution, ShowTextSubstitution, ClearTextSubstitution, GetTextLayoutResult]
|  | MergeDescendants = 'true'
|  |-Node #1611 at (l=787.0, t=1716.0, r=854.0, b=1866.0)px
|  | Focused = 'false'
|  | Text = '[αὐτῷ, autós, él, G846]'
|  | Actions = [OnClick, RequestFocus, SetTextSubstitution, ShowTextSubstitution, ClearTextSubstitution, GetTextLayoutResult]
|  | MergeDescendants = 'true'
|  |-Node #1616 at (l=869.0, t=1716.0, r=987.0, b=1866.0)px
|  | Focused = 'false'
|  | Text = '[Ἰωάννης., Iōánnēs, Juan, G2491]'
|  | Actions = [OnClick, RequestFocus, SetTextSubstitution, ShowTextSubstitution, ClearTextSubstitution, GetTextLayoutResult]
|  | MergeDescendants = 'true'
|  |-Node #1622 at (l=60.0, t=1896.0, r=71.0, b=1920.0)px
|  | Text = '[7]'
|  | Focused = 'false'
|  | Actions = [SetTextSubstitution, ShowTextSubstitution, ClearTextSubstitution, GetTextLayoutResult, OnClick, RequestFocus]
|  | MergeDescendants = 'true'
|  |-Node #1625 at (l=60.0, t=1926.0, r=138.0, b=2076.0)px
|  | Focused = 'false'
|  | Text = '[Οὗτος, hoûtos, este, G3778]'
|  | Actions = [OnClick, RequestFocus, SetTextSubstitution, ShowTextSubstitution, ClearTextSubstitution, GetTextLayoutResult]
|  | MergeDescendants = 'true'
|  |-Node #1630 at (l=153.0, t=1926.0, r=228.0, b=2076.0)px
|  | Focused = 'false'
|  | Text = '[ἦλθεν, érchomai, venir, G2064]'
|  | Actions = [OnClick, RequestFocus, SetTextSubstitution, ShowTextSubstitution, ClearTextSubstitution, GetTextLayoutResult]
|  | MergeDescendants = 'true'
|  |-Node #1635 at (l=243.0, t=1926.0, r=285.0, b=2076.0)px
|  | Focused = 'false'
|  | Text = '[εἰς, eis, a, G1519]'
|  | Actions = [OnClick, RequestFocus, SetTextSubstitution, ShowTextSubstitution, ClearTextSubstitution, GetTextLayoutResult]
|  | MergeDescendants = 'true'
|  |-Node #1640 at (l=300.0, t=1926.0, r=443.0, b=2076.0)px
|  | Focused = 'false'
|  | Text = '[μαρτυρίαν,, martyría, testimonio, G3141]'
|  | Actions = [OnClick, RequestFocus, SetTextSubstitution, ShowTextSubstitution, ClearTextSubstitution, GetTextLayoutResult]
|  | MergeDescendants = 'true'
|  |-Node #1645 at (l=458.0, t=1926.0, r=513.0, b=2076.0)px
|  | Focused = 'false'
|  | Text = '[ἵνα, hína, para que, G2443]'
|  | Actions = [OnClick, RequestFocus, SetTextSubstitution, ShowTextSubstitution, ClearTextSubstitution, GetTextLayoutResult]
|  | MergeDescendants = 'true'
|  |-Node #1650 at (l=528.0, t=1926.0, r=671.0, b=2076.0)px
|  | Focused = 'false'
|  | Text = '[μαρτυρήσῃ, martyréō, dar testimonio, G3140]'
|  | Actions = [OnClick, RequestFocus, SetTextSubstitution, ShowTextSubstitution, ClearTextSubstitution, GetTextLayoutResult]
|  | MergeDescendants = 'true'
|  |-Node #1655 at (l=686.0, t=1926.0, r=746.0, b=2076.0)px
|  | Focused = 'false'
|  | Text = '[περὶ, perí, acerca de, G4012]'
|  | Actions = [OnClick, RequestFocus, SetTextSubstitution, ShowTextSubstitution, ClearTextSubstitution, GetTextLayoutResult]
|  | MergeDescendants = 'true'
|  |-Node #1660 at (l=761.0, t=1926.0, r=806.0, b=2076.0)px
|  | Focused = 'false'
|  | Text = '[τοῦ, ho, el, G3588]'
|  | Actions = [OnClick, RequestFocus, SetTextSubstitution, ShowTextSubstitution, ClearTextSubstitution, GetTextLayoutResult]
|  | MergeDescendants = 'true'
|  |-Node #1665 at (l=821.0, t=1926.0, r=910.0, b=2076.0)px
|  | Focused = 'false'
|  | Text = '[φωτός,, phōs, luz, G5457]'
|  | Actions = [OnClick, RequestFocus, SetTextSubstitution, ShowTextSubstitution, ClearTextSubstitution, GetTextLayoutResult]
|  | MergeDescendants = 'true'
|  |-Node #1670 at (l=925.0, t=1926.0, r=980.0, b=2076.0)px
|  | Focused = 'false'
|  | Text = '[ἵνα, hína, para que, G2443]'
|  | Actions = [OnClick, RequestFocus, SetTextSubstitution, ShowTextSubstitution, ClearTextSubstitution, GetTextLayoutResult]
|  | MergeDescendants = 'true'
|  |-Node #1675 at (l=60.0, t=2085.0, r=149.0, b=2235.0)px
|  | Focused = 'false'
|  | Text = '[πάντες, pâs, todo, G3956]'
|  | Actions = [OnClick, RequestFocus, SetTextSubstitution, ShowTextSubstitution, ClearTextSubstitution, GetTextLayoutResult]
|  | MergeDescendants = 'true'
|  |-Node #1680 at (l=164.0, t=2085.0, r=326.0, b=2235.0)px
|  | Focused = 'false'
|  | Text = '[πιστεύσωσιν, pisteúō, creer, G4100]'
|  | Actions = [OnClick, RequestFocus, SetTextSubstitution, ShowTextSubstitution, ClearTextSubstitution, GetTextLayoutResult]
|  | MergeDescendants = 'true'
|  |-Node #1685 at (l=341.0, t=2085.0, r=383.0, b=2235.0)px
|  | Focused = 'false'
|  | Text = '[δι’, diá, por, G1223]'
|  | Actions = [OnClick, RequestFocus, SetTextSubstitution, ShowTextSubstitution, ClearTextSubstitution, GetTextLayoutResult]
|  | MergeDescendants = 'true'
|  |-Node #1690 at (l=398.0, t=2085.0, r=483.0, b=2235.0)px
|    Focused = 'false'
|    Text = '[αὐτοῦ., autós, él, G846]'
|    Actions = [OnClick, RequestFocus, SetTextSubstitution, ShowTextSubstitution, ClearTextSubstitution, GetTextLayoutResult]
|    MergeDescendants = 'true'
|-Node #687 at (l=0.0, t=0.0, r=1080.0, b=132.0)px
| IsTraversalGroup = 'true'
|  |-Node #690 at (l=12.0, t=54.0, r=72.0, b=114.0)px
|  | Role = 'Button'
|  | Focused = 'false'
|  | ContentDescription = '[Atrás]'
|  | Actions = [OnClick, RequestFocus]
|  | MergeDescendants = 'true'
|  |-Node #694 at (l=84.0, t=52.0, r=175.0, b=91.0)px
|  | Text = '[Juan 1]'
|  | Actions = [SetTextSubstitution, ShowTextSubstitution, ClearTextSubstitution, GetTextLayoutResult]
|  |-Node #695 at (l=84.0, t=91.0, r=204.0, b=115.0)px
|  | Text = '[Κατὰ Ἰωάννην]'
|  | Actions = [SetTextSubstitution, ShowTextSubstitution, ClearTextSubstitution, GetTextLayoutResult]
|  |-Node #698 at (l=936.0, t=54.0, r=996.0, b=114.0)px
|  | Role = 'Button'
|  | Focused = 'false'
|  | ContentDescription = '[Tipografía]'
|  | Actions = [OnClick, RequestFocus]
|  | MergeDescendants = 'true'
|  |-Node #700 at (l=1008.0, t=54.0, r=1068.0, b=114.0)px
|    Role = 'Button'
|    Focused = 'false'
|    ContentDescription = '[Compartir capítulo]'
|    Actions = [OnClick, RequestFocus]
|    MergeDescendants = 'true'
|-Node #706 at (l=0.0, t=1710.0, r=1080.0, b=1920.0)px
IsTraversalGroup = 'true'
|-Node #708 at (l=12.0, t=1743.0, r=72.0, b=1803.0)px
| Role = 'Button'
| ContentDescription = '[Capítulo anterior]'
| [Disabled]
| Actions = [OnClick]
| MergeDescendants = 'true'
|-Node #710 at (l=78.0, t=1761.0, r=1002.0, b=1785.0)px
| Text = '[Capítulo 1 de 21]'
| Actions = [SetTextSubstitution, ShowTextSubstitution, ClearTextSubstitution, GetTextLayoutResult]
|-Node #711 at (l=1008.0, t=1743.0, r=1068.0, b=1803.0)px
Role = 'Button'
Focused = 'false'
ContentDescription = '[Capítulo siguiente]'
Actions = [OnClick, RequestFocus]
MergeDescendants = 'true'
at com.dc388.bibliagriega.CapturasTest.esperar(CapturasTest.kt:82)
at com.dc388.bibliagriega.CapturasTest.esperar$default(CapturasTest.kt:75)
at com.dc388.bibliagriega.CapturasTest.capturas_para_la_ficha_de_play(CapturasTest.kt:118)
... 53 trimmed
Caused by: androidx.compose.ui.test.ComposeTimeoutException: Condition still not satisfied after 180000 ms
at androidx.compose.ui.test.AndroidComposeUiTestEnvironment$AndroidComposeUiTestImpl.waitUntil(ComposeUiTest.android.kt:441)
at androidx.compose.ui.test.junit4.AndroidComposeTestRule.waitUntil(AndroidComposeTestRule.android.kt:306)
at com.dc388.bibliagriega.CapturasTest.esperar(CapturasTest.kt:77)
... 56 more
</failure>
  </testcase>
</testsuite>