<?xml version='1.0' encoding='UTF-8' ?>
<testsuite name="com.dc388.bibliagriega.CapturasTest" tests="1" failures="1" errors="0" skipped="0" time="49.357" timestamp="2026-09-15T01:47:54" hostname="localhost">
  <properties>
    <property name="device" value="emulator-5554 - 14" />
    <property name="flavor" value="" />
    <property name="project" value=":app" />
  </properties>
  <testcase name="capturas_para_la_ficha_de_play" classname="com.dc388.bibliagriega.CapturasTest" time="47.265">
    <failure>java.lang.AssertionError: No hay ningún «Ajustes» en esta pantalla. Esto había:
Printing with useUnmergedTree = 'false'
Node #1 at (l=0.0, t=0.0, r=1080.0, b=1920.0)px
|-Node #2 at (l=0.0, t=0.0, r=1080.0, b=1920.0)px
IsTraversalGroup = 'true'
|-Node #2600 at (l=0.0, t=0.0, r=1080.0, b=1920.0)px
IsTraversalGroup = 'true'
|-Node #2617 at (l=42.0, t=252.0, r=1038.0, b=515.0)px
| EditableText = 'λογ'
| TextSelectionRange = 'TextRange(3, 3)'
| IsEditable = 'true'
| ImeAction = 'Default'
| Focused = 'true'
| Text = '[Palabra griega o hebrea, Sin acentos y por el comienzo de la palabra: «λογ» encuentra «λόγος», «λόγῳ» y «λόγον».]'
| Actions = [GetTextLayoutResult, SetText, InsertTextAtCursor, SetSelection, PerformImeAction, OnClick, OnLongClick, PasteText, RequestFocus, SetTextSubstitution, ShowTextSubstitution, ClearTextSubstitution, MagnifierPositionInRoot]
| MergeDescendants = 'true'
|  |-Node #2648 at (l=923.0, t=295.0, r=1028.0, b=400.0)px
|    Role = 'Button'
|    Focused = 'false'
|    ContentDescription = '[Limpiar]'
|    Actions = [OnClick, RequestFocus]
|    MergeDescendants = 'true'
|-Node #2631 at (l=42.0, t=557.0, r=340.0, b=641.0)px
| Focused = 'false'
| Selected = 'true'
| Role = 'Checkbox'
| Text = '[Toda la Biblia]'
| Actions = [OnClick, RequestFocus, SetTextSubstitution, ShowTextSubstitution, ClearTextSubstitution, GetTextLayoutResult]
| MergeDescendants = 'true'
|-Node #2635 at (l=361.0, t=557.0, r=609.0, b=641.0)px
| Focused = 'false'
| Selected = 'false'
| Role = 'Checkbox'
| Text = '[AT hebreo]'
| Actions = [OnClick, RequestFocus, SetTextSubstitution, ShowTextSubstitution, ClearTextSubstitution, GetTextLayoutResult]
| MergeDescendants = 'true'
|-Node #2639 at (l=630.0, t=557.0, r=906.0, b=641.0)px
| Focused = 'false'
| Selected = 'false'
| Role = 'Checkbox'
| Text = '[Septuaginta]'
| Actions = [OnClick, RequestFocus, SetTextSubstitution, ShowTextSubstitution, ClearTextSubstitution, GetTextLayoutResult]
| MergeDescendants = 'true'
|-Node #2643 at (l=928.0, t=536.0, r=1039.0, b=837.0)px
| Focused = 'false'
| Selected = 'false'
| Role = 'Checkbox'
| Text = '[NT griego]'
| Actions = [OnClick, RequestFocus, SetTextSubstitution, ShowTextSubstitution, ClearTextSubstitution, GetTextLayoutResult]
| MergeDescendants = 'true'
|-Node #2647 at (l=0.0, t=837.0, r=1080.0, b=1857.0)px
| IsTraversalGroup = 'true'
| VerticalScrollAxisRange = 'ScrollAxisRange(value=0.0, maxValue=100.0, reverseScrolling=false)'
| CollectionInfo = 'androidx.compose.ui.semantics.CollectionInfo&#64;9f75571'
| Actions = [ScrollBy, ScrollByOffset, IndexForKey, ScrollToIndex, GetScrollViewportLength]
|  |-Node #2651 at (l=42.0, t=869.0, r=265.0, b=911.0)px
|  | Text = '[300 versículos]'
|  | Actions = [SetTextSubstitution, ShowTextSubstitution, ClearTextSubstitution, GetTextLayoutResult]
|  |-Node #2653 at (l=0.0, t=922.0, r=1080.0, b=1318.0)px
|  | Focused = 'false'
|  | Text = '[Génesis 4:23, εἶπεν δὲ Λάμεχ ταῖς ἑαυτοῦ Ἄδα καὶ Σέλλα, ἀκούσατέ μου τῆς φωνῆς· γυναῖκες Λάμεχ, ἐνωτίσασθέ μου τοὺς λόγους· ὅτι ἄνδρα ἀπέκτεινα εἰς τραῦμα ἐμοί, καὶ νεανίσκον εἰς μώλωπα ἐμοί·]'
|  | Actions = [OnClick, RequestFocus, SetTextSubstitution, ShowTextSubstitution, ClearTextSubstitution, GetTextLayoutResult]
|  | MergeDescendants = 'true'
|  |-Node #2658 at (l=0.0, t=1321.0, r=1080.0, b=1780.0)px
|  | Focused = 'false'
|  | Text = '[Génesis 29:13, καὶ ἐγένετο ὡς ἤκουσεν Λαβὰν τὸ ὄνομα Ἰακὼβ τοῦ υἱοῦ τῆς ἀδελφῆς αὐτοῦ, ἔδραμεν εἰς συνάντησιν αὐτοῦ, καὶ περιλαβὼν αὐτὸν ἐφίλησεν, καὶ εἰσήγαγεν αὐτὸν εἰς τὸν οἶκον αὐτοῦ· καὶ διηγήσατο τῷ Λαβὰν πάντας τοὺς λόγους τούτους.]'
|  | Actions = [OnClick, RequestFocus, SetTextSubstitution, ShowTextSubstitution, ClearTextSubstitution, GetTextLayoutResult]
|  | MergeDescendants = 'true'
|  |-Node #2663 at (l=0.0, t=1783.0, r=1080.0, b=1990.0)px
|    Focused = 'false'
|    Text = '[Génesis 34:18, καὶ ἤρεσαν οἱ λόγοι ἐναντίον Ἐμμὼρ καὶ ἐναντίον Συχὲμ τοῦ υἱοῦ Ἐμμώρ.]'
|    Actions = [OnClick, RequestFocus, SetTextSubstitution, ShowTextSubstitution, ClearTextSubstitution, GetTextLayoutResult]
|    MergeDescendants = 'true'
|-Node #2603 at (l=0.0, t=0.0, r=1080.0, b=231.0)px
IsTraversalGroup = 'true'
|-Node #2606 at (l=22.0, t=95.0, r=127.0, b=200.0)px
| Role = 'Button'
| Focused = 'false'
| ContentDescription = '[Atrás]'
| Actions = [OnClick, RequestFocus]
| MergeDescendants = 'true'
|-Node #2609 at (l=148.0, t=112.0, r=311.0, b=181.0)px
Text = '[Buscar]'
Actions = [SetTextSubstitution, ShowTextSubstitution, ClearTextSubstitution, GetTextLayoutResult]
at com.dc388.bibliagriega.CapturasTest.tocar(CapturasTest.kt:126)
at com.dc388.bibliagriega.CapturasTest.tocar$default(CapturasTest.kt:119)
at com.dc388.bibliagriega.CapturasTest.capturas_para_la_ficha_de_play(CapturasTest.kt:207)
... 53 trimmed
Caused by: androidx.compose.ui.test.ComposeTimeoutException: Condition still not satisfied after 30000 ms
at androidx.compose.ui.test.AndroidComposeUiTestEnvironment$AndroidComposeUiTestImpl.waitUntil(ComposeUiTest.android.kt:441)
at androidx.compose.ui.test.junit4.AndroidComposeTestRule.waitUntil(AndroidComposeTestRule.android.kt:306)
at com.dc388.bibliagriega.CapturasTest.tocar(CapturasTest.kt:121)
... 56 more
</failure>
  </testcase>
</testsuite>