<?xml version='1.0' encoding='UTF-8' ?>
<testsuite name="com.dc388.bibliagriega.CapturasTest" tests="1" failures="1" errors="0" skipped="0" time="192.435" timestamp="2026-09-15T01:17:32" hostname="localhost">
  <properties>
    <property name="device" value="emulator-5554 - 14" />
    <property name="flavor" value="" />
    <property name="project" value=":app" />
  </properties>
  <testcase name="capturas_para_la_ficha_de_play" classname="com.dc388.bibliagriega.CapturasTest" time="190.739">
    <failure>java.lang.AssertionError: No apareció «50» en 180 s. Esto había en pantalla:
Printing with useUnmergedTree = 'false'
Node #1 at (l=0.0, t=0.0, r=1080.0, b=1920.0)px
|-Node #2 at (l=0.0, t=0.0, r=1080.0, b=1920.0)px
IsTraversalGroup = 'true'
|-Node #1441 at (l=0.0, t=0.0, r=1080.0, b=1920.0)px
IsTraversalGroup = 'true'
|-Node #1460 at (l=0.0, t=231.0, r=1080.0, b=1857.0)px
| IsTraversalGroup = 'true'
| VerticalScrollAxisRange = 'ScrollAxisRange(value=0.0, maxValue=100.0, reverseScrolling=false)'
| CollectionInfo = 'androidx.compose.ui.semantics.CollectionInfo&#64;1007eab'
| Actions = [ScrollBy, ScrollByOffset, IndexForKey, ScrollToIndex, GetScrollViewportLength]
|  |-Node #1462 at (l=42.0, t=273.0, r=221.0, b=452.0)px
|  | Focused = 'false'
|  | Text = '[1]'
|  | Actions = [OnClick, RequestFocus, SetTextSubstitution, ShowTextSubstitution, ClearTextSubstitution, GetTextLayoutResult]
|  | MergeDescendants = 'true'
|  |-Node #1467 at (l=247.0, t=273.0, r=426.0, b=452.0)px
|  | Focused = 'false'
|  | Text = '[2]'
|  | Actions = [OnClick, RequestFocus, SetTextSubstitution, ShowTextSubstitution, ClearTextSubstitution, GetTextLayoutResult]
|  | MergeDescendants = 'true'
|  |-Node #1472 at (l=452.0, t=273.0, r=630.0, b=451.0)px
|  | Focused = 'false'
|  | Text = '[3]'
|  | Actions = [OnClick, RequestFocus, SetTextSubstitution, ShowTextSubstitution, ClearTextSubstitution, GetTextLayoutResult]
|  | MergeDescendants = 'true'
|  |-Node #1477 at (l=656.0, t=273.0, r=834.0, b=451.0)px
|  | Focused = 'false'
|  | Text = '[4]'
|  | Actions = [OnClick, RequestFocus, SetTextSubstitution, ShowTextSubstitution, ClearTextSubstitution, GetTextLayoutResult]
|  | MergeDescendants = 'true'
|  |-Node #1482 at (l=860.0, t=273.0, r=1038.0, b=451.0)px
|  | Focused = 'false'
|  | Text = '[5]'
|  | Actions = [OnClick, RequestFocus, SetTextSubstitution, ShowTextSubstitution, ClearTextSubstitution, GetTextLayoutResult]
|  | MergeDescendants = 'true'
|  |-Node #1487 at (l=42.0, t=478.0, r=221.0, b=657.0)px
|  | Focused = 'false'
|  | Text = '[6]'
|  | Actions = [OnClick, RequestFocus, SetTextSubstitution, ShowTextSubstitution, ClearTextSubstitution, GetTextLayoutResult]
|  | MergeDescendants = 'true'
|  |-Node #1492 at (l=247.0, t=478.0, r=426.0, b=657.0)px
|  | Focused = 'false'
|  | Text = '[7]'
|  | Actions = [OnClick, RequestFocus, SetTextSubstitution, ShowTextSubstitution, ClearTextSubstitution, GetTextLayoutResult]
|  | MergeDescendants = 'true'
|  |-Node #1497 at (l=452.0, t=478.0, r=630.0, b=656.0)px
|  | Focused = 'false'
|  | Text = '[8]'
|  | Actions = [OnClick, RequestFocus, SetTextSubstitution, ShowTextSubstitution, ClearTextSubstitution, GetTextLayoutResult]
|  | MergeDescendants = 'true'
|  |-Node #1502 at (l=656.0, t=478.0, r=834.0, b=656.0)px
|  | Focused = 'false'
|  | Text = '[9]'
|  | Actions = [OnClick, RequestFocus, SetTextSubstitution, ShowTextSubstitution, ClearTextSubstitution, GetTextLayoutResult]
|  | MergeDescendants = 'true'
|  |-Node #1507 at (l=860.0, t=478.0, r=1038.0, b=656.0)px
|  | Focused = 'false'
|  | Text = '[10]'
|  | Actions = [OnClick, RequestFocus, SetTextSubstitution, ShowTextSubstitution, ClearTextSubstitution, GetTextLayoutResult]
|  | MergeDescendants = 'true'
|  |-Node #1512 at (l=42.0, t=683.0, r=221.0, b=862.0)px
|  | Focused = 'false'
|  | Text = '[11]'
|  | Actions = [OnClick, RequestFocus, SetTextSubstitution, ShowTextSubstitution, ClearTextSubstitution, GetTextLayoutResult]
|  | MergeDescendants = 'true'
|  |-Node #1517 at (l=247.0, t=683.0, r=426.0, b=862.0)px
|  | Focused = 'false'
|  | Text = '[12]'
|  | Actions = [OnClick, RequestFocus, SetTextSubstitution, ShowTextSubstitution, ClearTextSubstitution, GetTextLayoutResult]
|  | MergeDescendants = 'true'
|  |-Node #1522 at (l=452.0, t=683.0, r=630.0, b=861.0)px
|  | Focused = 'false'
|  | Text = '[13]'
|  | Actions = [OnClick, RequestFocus, SetTextSubstitution, ShowTextSubstitution, ClearTextSubstitution, GetTextLayoutResult]
|  | MergeDescendants = 'true'
|  |-Node #1527 at (l=656.0, t=683.0, r=834.0, b=861.0)px
|  | Focused = 'false'
|  | Text = '[14]'
|  | Actions = [OnClick, RequestFocus, SetTextSubstitution, ShowTextSubstitution, ClearTextSubstitution, GetTextLayoutResult]
|  | MergeDescendants = 'true'
|  |-Node #1532 at (l=860.0, t=683.0, r=1038.0, b=861.0)px
|  | Focused = 'false'
|  | Text = '[15]'
|  | Actions = [OnClick, RequestFocus, SetTextSubstitution, ShowTextSubstitution, ClearTextSubstitution, GetTextLayoutResult]
|  | MergeDescendants = 'true'
|  |-Node #1537 at (l=42.0, t=888.0, r=221.0, b=1067.0)px
|  | Focused = 'false'
|  | Text = '[16]'
|  | Actions = [OnClick, RequestFocus, SetTextSubstitution, ShowTextSubstitution, ClearTextSubstitution, GetTextLayoutResult]
|  | MergeDescendants = 'true'
|  |-Node #1542 at (l=247.0, t=888.0, r=426.0, b=1067.0)px
|  | Focused = 'false'
|  | Text = '[17]'
|  | Actions = [OnClick, RequestFocus, SetTextSubstitution, ShowTextSubstitution, ClearTextSubstitution, GetTextLayoutResult]
|  | MergeDescendants = 'true'
|  |-Node #1547 at (l=452.0, t=888.0, r=630.0, b=1066.0)px
|  | Focused = 'false'
|  | Text = '[18]'
|  | Actions = [OnClick, RequestFocus, SetTextSubstitution, ShowTextSubstitution, ClearTextSubstitution, GetTextLayoutResult]
|  | MergeDescendants = 'true'
|  |-Node #1552 at (l=656.0, t=888.0, r=834.0, b=1066.0)px
|  | Focused = 'false'
|  | Text = '[19]'
|  | Actions = [OnClick, RequestFocus, SetTextSubstitution, ShowTextSubstitution, ClearTextSubstitution, GetTextLayoutResult]
|  | MergeDescendants = 'true'
|  |-Node #1557 at (l=860.0, t=888.0, r=1038.0, b=1066.0)px
|  | Focused = 'false'
|  | Text = '[20]'
|  | Actions = [OnClick, RequestFocus, SetTextSubstitution, ShowTextSubstitution, ClearTextSubstitution, GetTextLayoutResult]
|  | MergeDescendants = 'true'
|  |-Node #1562 at (l=42.0, t=1093.0, r=221.0, b=1272.0)px
|  | Focused = 'false'
|  | Text = '[21]'
|  | Actions = [OnClick, RequestFocus, SetTextSubstitution, ShowTextSubstitution, ClearTextSubstitution, GetTextLayoutResult]
|  | MergeDescendants = 'true'
|  |-Node #1567 at (l=247.0, t=1093.0, r=426.0, b=1272.0)px
|  | Focused = 'false'
|  | Text = '[22]'
|  | Actions = [OnClick, RequestFocus, SetTextSubstitution, ShowTextSubstitution, ClearTextSubstitution, GetTextLayoutResult]
|  | MergeDescendants = 'true'
|  |-Node #1572 at (l=452.0, t=1093.0, r=630.0, b=1271.0)px
|  | Focused = 'false'
|  | Text = '[23]'
|  | Actions = [OnClick, RequestFocus, SetTextSubstitution, ShowTextSubstitution, ClearTextSubstitution, GetTextLayoutResult]
|  | MergeDescendants = 'true'
|  |-Node #1577 at (l=656.0, t=1093.0, r=834.0, b=1271.0)px
|  | Focused = 'false'
|  | Text = '[24]'
|  | Actions = [OnClick, RequestFocus, SetTextSubstitution, ShowTextSubstitution, ClearTextSubstitution, GetTextLayoutResult]
|  | MergeDescendants = 'true'
|  |-Node #1582 at (l=860.0, t=1093.0, r=1038.0, b=1271.0)px
|  | Focused = 'false'
|  | Text = '[25]'
|  | Actions = [OnClick, RequestFocus, SetTextSubstitution, ShowTextSubstitution, ClearTextSubstitution, GetTextLayoutResult]
|  | MergeDescendants = 'true'
|  |-Node #1587 at (l=42.0, t=1298.0, r=221.0, b=1477.0)px
|  | Focused = 'false'
|  | Text = '[26]'
|  | Actions = [OnClick, RequestFocus, SetTextSubstitution, ShowTextSubstitution, ClearTextSubstitution, GetTextLayoutResult]
|  | MergeDescendants = 'true'
|  |-Node #1592 at (l=247.0, t=1298.0, r=426.0, b=1477.0)px
|  | Focused = 'false'
|  | Text = '[27]'
|  | Actions = [OnClick, RequestFocus, SetTextSubstitution, ShowTextSubstitution, ClearTextSubstitution, GetTextLayoutResult]
|  | MergeDescendants = 'true'
|  |-Node #1597 at (l=452.0, t=1298.0, r=630.0, b=1476.0)px
|  | Focused = 'false'
|  | Text = '[28]'
|  | Actions = [OnClick, RequestFocus, SetTextSubstitution, ShowTextSubstitution, ClearTextSubstitution, GetTextLayoutResult]
|  | MergeDescendants = 'true'
|  |-Node #1602 at (l=656.0, t=1298.0, r=834.0, b=1476.0)px
|  | Focused = 'false'
|  | Text = '[29]'
|  | Actions = [OnClick, RequestFocus, SetTextSubstitution, ShowTextSubstitution, ClearTextSubstitution, GetTextLayoutResult]
|  | MergeDescendants = 'true'
|  |-Node #1607 at (l=860.0, t=1298.0, r=1038.0, b=1476.0)px
|  | Focused = 'false'
|  | Text = '[30]'
|  | Actions = [OnClick, RequestFocus, SetTextSubstitution, ShowTextSubstitution, ClearTextSubstitution, GetTextLayoutResult]
|  | MergeDescendants = 'true'
|  |-Node #1612 at (l=42.0, t=1503.0, r=221.0, b=1682.0)px
|  | Focused = 'false'
|  | Text = '[31]'
|  | Actions = [OnClick, RequestFocus, SetTextSubstitution, ShowTextSubstitution, ClearTextSubstitution, GetTextLayoutResult]
|  | MergeDescendants = 'true'
|  |-Node #1617 at (l=247.0, t=1503.0, r=426.0, b=1682.0)px
|  | Focused = 'false'
|  | Text = '[32]'
|  | Actions = [OnClick, RequestFocus, SetTextSubstitution, ShowTextSubstitution, ClearTextSubstitution, GetTextLayoutResult]
|  | MergeDescendants = 'true'
|  |-Node #1622 at (l=452.0, t=1503.0, r=630.0, b=1681.0)px
|  | Focused = 'false'
|  | Text = '[33]'
|  | Actions = [OnClick, RequestFocus, SetTextSubstitution, ShowTextSubstitution, ClearTextSubstitution, GetTextLayoutResult]
|  | MergeDescendants = 'true'
|  |-Node #1627 at (l=656.0, t=1503.0, r=834.0, b=1681.0)px
|  | Focused = 'false'
|  | Text = '[34]'
|  | Actions = [OnClick, RequestFocus, SetTextSubstitution, ShowTextSubstitution, ClearTextSubstitution, GetTextLayoutResult]
|  | MergeDescendants = 'true'
|  |-Node #1632 at (l=860.0, t=1503.0, r=1038.0, b=1681.0)px
|  | Focused = 'false'
|  | Text = '[35]'
|  | Actions = [OnClick, RequestFocus, SetTextSubstitution, ShowTextSubstitution, ClearTextSubstitution, GetTextLayoutResult]
|  | MergeDescendants = 'true'
|  |-Node #1637 at (l=42.0, t=1708.0, r=221.0, b=1887.0)px
|  | Focused = 'false'
|  | Text = '[36]'
|  | Actions = [OnClick, RequestFocus, SetTextSubstitution, ShowTextSubstitution, ClearTextSubstitution, GetTextLayoutResult]
|  | MergeDescendants = 'true'
|  |-Node #1642 at (l=247.0, t=1708.0, r=426.0, b=1887.0)px
|  | Focused = 'false'
|  | Text = '[37]'
|  | Actions = [OnClick, RequestFocus, SetTextSubstitution, ShowTextSubstitution, ClearTextSubstitution, GetTextLayoutResult]
|  | MergeDescendants = 'true'
|  |-Node #1647 at (l=452.0, t=1708.0, r=630.0, b=1886.0)px
|  | Focused = 'false'
|  | Text = '[38]'
|  | Actions = [OnClick, RequestFocus, SetTextSubstitution, ShowTextSubstitution, ClearTextSubstitution, GetTextLayoutResult]
|  | MergeDescendants = 'true'
|  |-Node #1652 at (l=656.0, t=1708.0, r=834.0, b=1886.0)px
|  | Focused = 'false'
|  | Text = '[39]'
|  | Actions = [OnClick, RequestFocus, SetTextSubstitution, ShowTextSubstitution, ClearTextSubstitution, GetTextLayoutResult]
|  | MergeDescendants = 'true'
|  |-Node #1657 at (l=860.0, t=1708.0, r=1038.0, b=1886.0)px
|    Focused = 'false'
|    Text = '[40]'
|    Actions = [OnClick, RequestFocus, SetTextSubstitution, ShowTextSubstitution, ClearTextSubstitution, GetTextLayoutResult]
|    MergeDescendants = 'true'
|-Node #1444 at (l=0.0, t=0.0, r=1080.0, b=231.0)px
IsTraversalGroup = 'true'
|-Node #1447 at (l=22.0, t=95.0, r=127.0, b=200.0)px
| Role = 'Button'
| Focused = 'false'
| ContentDescription = '[Atrás]'
| Actions = [OnClick, RequestFocus]
| MergeDescendants = 'true'
|-Node #1451 at (l=148.0, t=91.0, r=336.0, b=160.0)px
| Text = '[Génesis]'
| Actions = [SetTextSubstitution, ShowTextSubstitution, ClearTextSubstitution, GetTextLayoutResult]
|-Node #1452 at (l=148.0, t=160.0, r=263.0, b=202.0)px
Text = '[בְּרֵאשִׁית]'
Actions = [SetTextSubstitution, ShowTextSubstitution, ClearTextSubstitution, GetTextLayoutResult]
at com.dc388.bibliagriega.CapturasTest.esperar(CapturasTest.kt:82)
at com.dc388.bibliagriega.CapturasTest.esperar$default(CapturasTest.kt:75)
at com.dc388.bibliagriega.CapturasTest.capturas_para_la_ficha_de_play(CapturasTest.kt:132)
... 53 trimmed
Caused by: androidx.compose.ui.test.ComposeTimeoutException: Condition still not satisfied after 180000 ms
at androidx.compose.ui.test.AndroidComposeUiTestEnvironment$AndroidComposeUiTestImpl.waitUntil(ComposeUiTest.android.kt:441)
at androidx.compose.ui.test.junit4.AndroidComposeTestRule.waitUntil(AndroidComposeTestRule.android.kt:306)
at com.dc388.bibliagriega.CapturasTest.esperar(CapturasTest.kt:77)
... 56 more
</failure>
  </testcase>
</testsuite>